Using pre-set license
Built from '2020.3/staging' branch; Version is '2020.3.29f1 (2ff179115da0) revision 3142009'; Using compiler version '192528614'; Build Type 'Release'
OS: 'Windows 10  (10.0.19044) 64bit Core' Language: 'ko' Physical Memory: 32676 MB
BatchMode: 1, IsHumanControllingUs: 0, StartBugReporterOnCrash: 0, Is64bit: 1, IsPro: 0

COMMAND LINE ARGUMENTS:
C:\Program Files\Unity\Hub\Editor\2020.3.29f1\Editor\Unity.exe
-adb2
-batchMode
-noUpm
-name
AssetImportWorker0
-projectPath
C:/Users/qrpkj/Desktop/21-117/XR-Interaction-Toolkit/XR_Project
-logFile
Logs/AssetImportWorker0.log
-srvPort
61452
Successfully changed project path to: C:/Users/qrpkj/Desktop/21-117/XR-Interaction-Toolkit/XR_Project
C:/Users/qrpkj/Desktop/21-117/XR-Interaction-Toolkit/XR_Project
Using Asset Import Pipeline V2.
Refreshing native plugins compatible for Editor in 59.16 ms, found 10 plugins.
Preloading 1 native plugins for Editor in 1.29 ms.
Initialize engine version: 2020.3.29f1 (2ff179115da0)
[Subsystems] Discovering subsystems at path C:/Program Files/Unity/Hub/Editor/2020.3.29f1/Editor/Data/Resources/UnitySubsystems
[Subsystems] Discovering subsystems at path C:/Users/qrpkj/Desktop/21-117/XR-Interaction-Toolkit/XR_Project/Assets
GfxDevice: creating device client; threaded=0
Direct3D:
    Version:  Direct3D 11.0 [level 11.1]
    Renderer: NVIDIA GeForce GTX 1060 6GB (ID=0x1c03)
    Vendor:   
    VRAM:     6052 MB
    Driver:   27.21.14.5671
Initialize mono
Mono path[0] = 'C:/Program Files/Unity/Hub/Editor/2020.3.29f1/Editor/Data/Managed'
Mono path[1] = 'C:/Program Files/Unity/Hub/Editor/2020.3.29f1/Editor/Data/MonoBleedingEdge/lib/mono/unityjit'
Mono config path = 'C:/Program Files/Unity/Hub/Editor/2020.3.29f1/Editor/Data/MonoBleedingEdge/etc'
Using monoOptions --debugger-agent=transport=dt_socket,embedding=1,server=y,suspend=n,address=127.0.0.1:56288
Begin MonoManager ReloadAssembly
Registering precompiled unity dll's ...
Register platform support module: C:/Program Files/Unity/Hub/Editor/2020.3.29f1/Editor/Data/PlaybackEngines/WebGLSupport/UnityEditor.WebGL.Extensions.dll
Register platform support module: C:/Program Files/Unity/Hub/Editor/2020.3.29f1/Editor/Data/PlaybackEngines/WindowsStandaloneSupport/UnityEditor.WindowsStandalone.Extensions.dll
Registered in 0.004001 seconds.
Native extension for WindowsStandalone target not found
Native extension for WebGL target not found
Refreshing native plugins compatible for Editor in 41.17 ms, found 10 plugins.
Preloading 1 native plugins for Editor in 0.10 ms.
Mono: successfully reloaded assembly
- Completed reload, in  0.537 seconds
Domain Reload Profiling:
	ReloadAssembly (537ms)
		BeginReloadAssembly (74ms)
			ExecutionOrderSort (0ms)
			DisableScriptedObjects (0ms)
			BackupInstance (0ms)
			ReleaseScriptingObjects (0ms)
			CreateAndSetChildDomain (1ms)
		EndReloadAssembly (392ms)
			LoadAssemblies (71ms)
			RebuildTransferFunctionScriptingTraits (0ms)
			SetupTypeCache (125ms)
			ReleaseScriptCaches (0ms)
			RebuildScriptCaches (25ms)
			SetupLoadedEditorAssemblies (146ms)
				LogAssemblyErrors (0ms)
				InitializePlatformSupportModulesInManaged (5ms)
				SetLoadedEditorAssemblies (0ms)
				RefreshPlugins (41ms)
				BeforeProcessingInitializeOnLoad (15ms)
				ProcessInitializeOnLoadAttributes (63ms)
				ProcessInitializeOnLoadMethodAttributes (22ms)
				AfterProcessingInitializeOnLoad (0ms)
				EditorAssembliesLoaded (0ms)
			ExecutionOrderSort2 (0ms)
			AwakeInstancesAfterBackupRestoration (0ms)
Platform modules already initialized, skipping
Registering precompiled user dll's ...
Registered in 0.011890 seconds.
Begin MonoManager ReloadAssembly
Native extension for WindowsStandalone target not found
Native extension for WebGL target not found
Refreshing native plugins compatible for Editor in 40.47 ms, found 10 plugins.
Preloading 1 native plugins for Editor in 0.10 ms.
[XR] OculusXRPlugin: registering subsystems
[XR] Unable to register display lifecyle provider: [1]
[XR] Oculus Input lifecycle provider registered.
[XR] Unable to register input lifecyle provider: [1]
System.Reflection.TargetInvocationException: Exception has been thrown by the target of an invocation. ---> System.NullReferenceException: Object reference not set to an instance of an object
  at Unity.XR.Oculus.OculusLoader.AssetPathToAbsolutePath (System.String assetPath) [0x00048] in C:\Users\qrpkj\Desktop\21-117\XR-Interaction-Toolkit\XR_Project\Library\PackageCache\com.unity.xr.oculus@1.11.2\Runtime\OculusLoader.cs:250 
  at Unity.XR.Oculus.OculusLoader.EditorLoadOVRPlugin () [0x0007b] in C:\Users\qrpkj\Desktop\21-117\XR-Interaction-Toolkit\XR_Project\Library\PackageCache\com.unity.xr.oculus@1.11.2\Runtime\OculusLoader.cs:235 
  at (wrapper managed-to-native) System.Reflection.MonoMethod.InternalInvoke(System.Reflection.MonoMethod,object,object[],System.Exception&)
  at System.Reflection.MonoMethod.Invoke (System.Object obj, System.Reflection.BindingFlags invokeAttr, System.Reflection.Binder binder, System.Object[] parameters, System.Globalization.CultureInfo culture) [0x00032] in <695d1cc93cca45069c528c15c9fdd749>:0 
   --- End of inner exception stack trace ---
  at System.Reflection.MonoMethod.Invoke (System.Object obj, System.Reflection.BindingFlags invokeAttr, System.Reflection.Binder binder, System.Object[] parameters, System.Globalization.CultureInfo culture) [0x00048] in <695d1cc93cca45069c528c15c9fdd749>:0 
  at System.Reflection.MethodBase.Invoke (System.Object obj, System.Object[] parameters) [0x00000] in <695d1cc93cca45069c528c15c9fdd749>:0 
  at UnityEditor.EditorAssemblies.ProcessInitializeOnLoadMethodAttributes () [0x00047] in <7ebb9dc74040436998557fc331a964ba>:0 
UnityEngine.StackTraceUtility:ExtractStackTrace ()
UnityEngine.DebugLogHandler:LogFormat (UnityEngine.LogType,UnityEngine.Object,string,object[])
UnityEngine.Logger:Log (UnityEngine.LogType,object)
UnityEngine.Debug:LogError (object)
UnityEditor.EditorAssemblies:ProcessInitializeOnLoadMethodAttributes ()

Mono: successfully reloaded assembly
- Completed reload, in  1.077 seconds
Domain Reload Profiling:
	ReloadAssembly (1078ms)
		BeginReloadAssembly (151ms)
			ExecutionOrderSort (0ms)
			DisableScriptedObjects (4ms)
			BackupInstance (0ms)
			ReleaseScriptingObjects (0ms)
			CreateAndSetChildDomain (17ms)
		EndReloadAssembly (864ms)
			LoadAssemblies (116ms)
			RebuildTransferFunctionScriptingTraits (0ms)
			SetupTypeCache (247ms)
			ReleaseScriptCaches (1ms)
			RebuildScriptCaches (42ms)
			SetupLoadedEditorAssemblies (367ms)
				LogAssemblyErrors (0ms)
				InitializePlatformSupportModulesInManaged (4ms)
				SetLoadedEditorAssemblies (0ms)
				RefreshPlugins (41ms)
				BeforeProcessingInitializeOnLoad (88ms)
				ProcessInitializeOnLoadAttributes (201ms)
				ProcessInitializeOnLoadMethodAttributes (22ms)
				AfterProcessingInitializeOnLoad (11ms)
				EditorAssembliesLoaded (0ms)
			ExecutionOrderSort2 (0ms)
			AwakeInstancesAfterBackupRestoration (5ms)
Platform modules already initialized, skipping
========================================================================
Worker process is ready to serve import requests
Launched and connected shader compiler UnityShaderCompiler.exe after 0.06 seconds
Refreshing native plugins compatible for Editor in 0.78 ms, found 10 plugins.
Preloading 1 native plugins for Editor in 0.12 ms.
Unloading 2351 Unused Serialized files (Serialized files now loaded: 0)
System memory in use before: 99.7 MB.
System memory in use after: 99.9 MB.

Unloading 38 unused Assets to reduce memory usage. Loaded Objects now: 2772.
Total: 3.421500 ms (FindLiveObjects: 0.249000 ms CreateObjectMapping: 0.060800 ms MarkObjects: 3.028300 ms  DeleteObjects: 0.082300 ms)

AssetImportParameters requested are different than current active one (requested -> active):
  custom:framework-win-MediaFoundation: 216162199b28c13a410421893ffa2e32 -> 
  custom:video-decoder-ogg-theora: a1e56fd34408186e4bbccfd4996cb3dc -> 
  custom:container-muxer-webm: aa71ff27fc2769a1b78a27578f13a17b -> 
  custom:container-demuxer-webm: 4f35f7cbe854078d1ac9338744f61a02 -> 
  custom:container-demuxer-ogg: 62fdf1f143b41e24485cea50d1cbac27 -> 
  custom:video-encoder-webm-vp8: eb34c28f22e8b96e1ab97ce403110664 -> 
  custom:video-decoder-webm-vp8: 9c59270c3fd7afecdb556c50c9e8de78 -> 
  custom:audio-decoder-ogg-vorbis: bf7c407c2cedff20999df2af8eb42d56 -> 
  custom:audio-encoder-webm-vorbis: bf7c407c2cedff20999df2af8eb42d56 -> 
========================================================================
Received Import Request.
  path: Assets/Scenes/XR_Interaction_Toolkit_test.unity
  artifactKey: Guid(8f022a7e1cda88447a4dee2928075797) Importer(815301076,1909f56bfc062723c751e8b465ee728b)
Start importing Assets/Scenes/XR_Interaction_Toolkit_test.unity using Guid(8f022a7e1cda88447a4dee2928075797) Importer(815301076,1909f56bfc062723c751e8b465ee728b)  -> (artifact id: '64fc5d0b81f0dcd3693b124c3abc6e70') in 0.018772 seconds 
  Import took 0.022059 seconds .

========================================================================
Received Import Request.
  Time since last request: 282.574214 seconds.
  path: Assets/Materials/NewUnlitShader.shader
  artifactKey: Guid(b5134261a77c7ea4bb76bde42b42627e) Importer(815301076,1909f56bfc062723c751e8b465ee728b)
Start importing Assets/Materials/NewUnlitShader.shader using Guid(b5134261a77c7ea4bb76bde42b42627e) Importer(815301076,1909f56bfc062723c751e8b465ee728b)  -> (artifact id: '1377f60d6da387d665b42f226e482414') in 0.035002 seconds 
  Import took 0.039098 seconds .

========================================================================
Received Import Request.
  Time since last request: 134.203934 seconds.
  path: Assets/Materials/Shader Graphs_Color Ramp.mat
  artifactKey: Guid(77495650b6c803f48894118e58f8d746) Importer(815301076,1909f56bfc062723c751e8b465ee728b)
Start importing Assets/Materials/Shader Graphs_Color Ramp.mat using Guid(77495650b6c803f48894118e58f8d746) Importer(815301076,1909f56bfc062723c751e8b465ee728b)  -> (artifact id: '9fde65901cc32e1841563413d6520736') in 0.066256 seconds 
  Import took 0.070036 seconds .

========================================================================
Received Import Request.
  Time since last request: 5.467256 seconds.
  path: Assets/Materials/Color Ramp.shadergraph
  artifactKey: Guid(bdb641d7fbd539147a5ec834006e92d5) Importer(815301076,1909f56bfc062723c751e8b465ee728b)
Start importing Assets/Materials/Color Ramp.shadergraph using Guid(bdb641d7fbd539147a5ec834006e92d5) Importer(815301076,1909f56bfc062723c751e8b465ee728b)  -> (artifact id: 'cc7e4508faf58590b3c4f3b25d54614d') in 0.006918 seconds 
  Import took 0.010376 seconds .

========================================================================
Received Import Request.
  Time since last request: 14.812136 seconds.
  path: Assets/Materials/Shader Graphs_Color Ramp.mat
  artifactKey: Guid(ba9a413f850756d409ca49e6af7326c3) Importer(815301076,1909f56bfc062723c751e8b465ee728b)
Start importing Assets/Materials/Shader Graphs_Color Ramp.mat using Guid(ba9a413f850756d409ca49e6af7326c3) Importer(815301076,1909f56bfc062723c751e8b465ee728b)  -> (artifact id: 'e7e49840c232abecaaaa27cc394d58e6') in 0.010146 seconds 
  Import took 0.013753 seconds .

========================================================================
Received Import Request.
  Time since last request: 15.668290 seconds.
  path: Assets/Materials/Color Ramp.shadergraph
  artifactKey: Guid(56514abfd7919ae499904ada273bb024) Importer(815301076,1909f56bfc062723c751e8b465ee728b)
Start importing Assets/Materials/Color Ramp.shadergraph using Guid(56514abfd7919ae499904ada273bb024) Importer(815301076,1909f56bfc062723c751e8b465ee728b)  -> (artifact id: '6ab2e9f270c52866294cfad40a99aae3') in 0.004331 seconds 
  Import took 0.007872 seconds .

========================================================================
Received Prepare
Registering precompiled user dll's ...
Registered in 0.014731 seconds.
Begin MonoManager ReloadAssembly
Native extension for WindowsStandalone target not found
Native extension for WebGL target not found
Refreshing native plugins compatible for Editor in 0.75 ms, found 10 plugins.
Preloading 1 native plugins for Editor in 0.11 ms.
System.Reflection.TargetInvocationException: Exception has been thrown by the target of an invocation. ---> System.NullReferenceException: Object reference not set to an instance of an object
  at Unity.XR.Oculus.OculusLoader.AssetPathToAbsolutePath (System.String assetPath) [0x00048] in C:\Users\qrpkj\Desktop\21-117\XR-Interaction-Toolkit\XR_Project\Library\PackageCache\com.unity.xr.oculus@1.11.2\Runtime\OculusLoader.cs:250 
  at Unity.XR.Oculus.OculusLoader.EditorLoadOVRPlugin () [0x0007b] in C:\Users\qrpkj\Desktop\21-117\XR-Interaction-Toolkit\XR_Project\Library\PackageCache\com.unity.xr.oculus@1.11.2\Runtime\OculusLoader.cs:235 
  at (wrapper managed-to-native) System.Reflection.MonoMethod.InternalInvoke(System.Reflection.MonoMethod,object,object[],System.Exception&)
  at System.Reflection.MonoMethod.Invoke (System.Object obj, System.Reflection.BindingFlags invokeAttr, System.Reflection.Binder binder, System.Object[] parameters, System.Globalization.CultureInfo culture) [0x00032] in <695d1cc93cca45069c528c15c9fdd749>:0 
   --- End of inner exception stack trace ---
  at System.Reflection.MonoMethod.Invoke (System.Object obj, System.Reflection.BindingFlags invokeAttr, System.Reflection.Binder binder, System.Object[] parameters, System.Globalization.CultureInfo culture) [0x00048] in <695d1cc93cca45069c528c15c9fdd749>:0 
  at System.Reflection.MethodBase.Invoke (System.Object obj, System.Object[] parameters) [0x00000] in <695d1cc93cca45069c528c15c9fdd749>:0 
  at UnityEditor.EditorAssemblies.ProcessInitializeOnLoadMethodAttributes () [0x00047] in <7ebb9dc74040436998557fc331a964ba>:0 
UnityEngine.StackTraceUtility:ExtractStackTrace ()
UnityEngine.DebugLogHandler:LogFormat (UnityEngine.LogType,UnityEngine.Object,string,object[])
UnityEngine.Logger:Log (UnityEngine.LogType,object)
UnityEngine.Debug:LogError (object)
UnityEditor.EditorAssemblies:ProcessInitializeOnLoadMethodAttributes ()

Mono: successfully reloaded assembly
- Completed reload, in  0.979 seconds
Domain Reload Profiling:
	ReloadAssembly (979ms)
		BeginReloadAssembly (134ms)
			ExecutionOrderSort (0ms)
			DisableScriptedObjects (3ms)
			BackupInstance (0ms)
			ReleaseScriptingObjects (0ms)
			CreateAndSetChildDomain (31ms)
		EndReloadAssembly (780ms)
			LoadAssemblies (127ms)
			RebuildTransferFunctionScriptingTraits (0ms)
			SetupTypeCache (249ms)
			ReleaseScriptCaches (1ms)
			RebuildScriptCaches (33ms)
			SetupLoadedEditorAssemblies (309ms)
				LogAssemblyErrors (0ms)
				InitializePlatformSupportModulesInManaged (4ms)
				SetLoadedEditorAssemblies (0ms)
				RefreshPlugins (1ms)
				BeforeProcessingInitializeOnLoad (82ms)
				ProcessInitializeOnLoadAttributes (193ms)
				ProcessInitializeOnLoadMethodAttributes (18ms)
				AfterProcessingInitializeOnLoad (10ms)
				EditorAssembliesLoaded (0ms)
			ExecutionOrderSort2 (0ms)
			AwakeInstancesAfterBackupRestoration (5ms)
Platform modules already initialized, skipping
Refreshing native plugins compatible for Editor in 0.77 ms, found 10 plugins.
Preloading 1 native plugins for Editor in 0.12 ms.
Unloading 2329 Unused Serialized files (Serialized files now loaded: 0)
System memory in use before: 102.8 MB.
System memory in use after: 103.0 MB.

Unloading 32 unused Assets to reduce memory usage. Loaded Objects now: 2815.
Total: 3.362500 ms (FindLiveObjects: 0.271000 ms CreateObjectMapping: 0.061400 ms MarkObjects: 2.949700 ms  DeleteObjects: 0.079400 ms)

AssetImportParameters requested are different than current active one (requested -> active):
  custom:framework-win-MediaFoundation: 216162199b28c13a410421893ffa2e32 -> 
  custom:video-decoder-ogg-theora: a1e56fd34408186e4bbccfd4996cb3dc -> 
  custom:container-muxer-webm: aa71ff27fc2769a1b78a27578f13a17b -> 
  custom:container-demuxer-webm: 4f35f7cbe854078d1ac9338744f61a02 -> 
  custom:container-demuxer-ogg: 62fdf1f143b41e24485cea50d1cbac27 -> 
  custom:video-encoder-webm-vp8: eb34c28f22e8b96e1ab97ce403110664 -> 
  custom:video-decoder-webm-vp8: 9c59270c3fd7afecdb556c50c9e8de78 -> 
  custom:audio-decoder-ogg-vorbis: bf7c407c2cedff20999df2af8eb42d56 -> 
  custom:audio-encoder-webm-vorbis: bf7c407c2cedff20999df2af8eb42d56 -> 
========================================================================
Received Import Request.
  Time since last request: 143.838098 seconds.
  path: Assets/Scripts/Controller_Moving.cs
  artifactKey: Guid(2f0518fe0334ee544bf62f074986ecf9) Importer(815301076,1909f56bfc062723c751e8b465ee728b)
Start importing Assets/Scripts/Controller_Moving.cs using Guid(2f0518fe0334ee544bf62f074986ecf9) Importer(815301076,1909f56bfc062723c751e8b465ee728b)  -> (artifact id: 'af1599856391d094ca30563d1efc777f') in 0.016146 seconds 
  Import took 0.019539 seconds .

========================================================================
Received Import Request.
  Time since last request: 525.625479 seconds.
  path: Assets/Materials/Color Ramp.shader
  artifactKey: Guid(b5134261a77c7ea4bb76bde42b42627e) Importer(815301076,1909f56bfc062723c751e8b465ee728b)
Start importing Assets/Materials/Color Ramp.shader using Guid(b5134261a77c7ea4bb76bde42b42627e) Importer(815301076,1909f56bfc062723c751e8b465ee728b)  -> (artifact id: 'e8956eccae49414d3734c4bb695d4c59') in 0.013163 seconds 
  Import took 0.016976 seconds .

========================================================================
Received Import Request.
  Time since last request: 87.096501 seconds.
  path: Assets/Materials/NewShaderVariants.shadervariants
  artifactKey: Guid(26ba2f7709586d248babfc7909c95a14) Importer(815301076,1909f56bfc062723c751e8b465ee728b)
Start importing Assets/Materials/NewShaderVariants.shadervariants using Guid(26ba2f7709586d248babfc7909c95a14) Importer(815301076,1909f56bfc062723c751e8b465ee728b)  -> (artifact id: '4d936071344456910d308aa3fc2949c3') in 0.020733 seconds 
  Import took 0.025948 seconds .

========================================================================
Received Import Request.
  Time since last request: 198.721315 seconds.
  path: Assets/Materials/NewSurfaceShader.shader
  artifactKey: Guid(6963a8ef22309d448bfa779fdd4e4658) Importer(815301076,1909f56bfc062723c751e8b465ee728b)
Start importing Assets/Materials/NewSurfaceShader.shader using Guid(6963a8ef22309d448bfa779fdd4e4658) Importer(815301076,1909f56bfc062723c751e8b465ee728b)  -> (artifact id: '00a47cc83d4857d69c9c95187eb59ba9') in 0.011088 seconds 
  Import took 0.016092 seconds .

========================================================================
Received Import Request.
  Time since last request: 73.453809 seconds.
  path: Assets/Materials/NewUnlitShader.shader
  artifactKey: Guid(b0c7514c7a4d0a249bc141df9515370b) Importer(815301076,1909f56bfc062723c751e8b465ee728b)
Start importing Assets/Materials/NewUnlitShader.shader using Guid(b0c7514c7a4d0a249bc141df9515370b) Importer(815301076,1909f56bfc062723c751e8b465ee728b)  -> (artifact id: '63aa6f59f5c6f468d42ffe23eb4c0862') in 0.005048 seconds 
  Import took 0.008721 seconds .

========================================================================
Received Import Request.
  Time since last request: 153.827084 seconds.
  path: Assets/Materials/NewComputeShader.compute
  artifactKey: Guid(5541601e9f636c74592c3493c9295c19) Importer(815301076,1909f56bfc062723c751e8b465ee728b)
Start importing Assets/Materials/NewComputeShader.compute using Guid(5541601e9f636c74592c3493c9295c19) Importer(815301076,1909f56bfc062723c751e8b465ee728b)  -> (artifact id: '4c8e5ef359d97c9e28b5be369abe0f9e') in 0.011668 seconds 
  Import took 0.015237 seconds .

========================================================================
Received Import Request.
  Time since last request: 617.128311 seconds.
  path: Assets/Materials/Mint.mat
  artifactKey: Guid(57e48a82e66e0bf488468cffcc3373d6) Importer(815301076,1909f56bfc062723c751e8b465ee728b)
Start importing Assets/Materials/Mint.mat using Guid(57e48a82e66e0bf488468cffcc3373d6) Importer(815301076,1909f56bfc062723c751e8b465ee728b)  -> (artifact id: '9ba89e64114dc3d30a5fa735b2aade40') in 0.044944 seconds 
  Import took 0.048787 seconds .

========================================================================
Received Import Request.
  Time since last request: 24.749535 seconds.
  path: Assets/Materials/Mint.mat
  artifactKey: Guid(57e48a82e66e0bf488468cffcc3373d6) Importer(815301076,1909f56bfc062723c751e8b465ee728b)
Start importing Assets/Materials/Mint.mat using Guid(57e48a82e66e0bf488468cffcc3373d6) Importer(815301076,1909f56bfc062723c751e8b465ee728b)  -> (artifact id: '8bcb4f40721ef40731c46a0483112a26') in 0.019104 seconds 
  Import took 0.022755 seconds .

========================================================================
Received Import Request.
  Time since last request: 0.000237 seconds.
  path: Assets/Materials/White 1.mat
  artifactKey: Guid(eb46967f305c02c4dbdf9914b932e70a) Importer(815301076,1909f56bfc062723c751e8b465ee728b)
Start importing Assets/Materials/White 1.mat using Guid(eb46967f305c02c4dbdf9914b932e70a) Importer(815301076,1909f56bfc062723c751e8b465ee728b)  -> (artifact id: '6edb52d904f257e4b0778abfb9421c89') in 0.016686 seconds 
  Import took 0.019851 seconds .

========================================================================
Received Import Request.
  Time since last request: 2.689826 seconds.
  path: Assets/Materials/Gray.mat
  artifactKey: Guid(eb46967f305c02c4dbdf9914b932e70a) Importer(815301076,1909f56bfc062723c751e8b465ee728b)
Start importing Assets/Materials/Gray.mat using Guid(eb46967f305c02c4dbdf9914b932e70a) Importer(815301076,1909f56bfc062723c751e8b465ee728b)  -> (artifact id: 'db22d272f638968ff5e4630acc114e61') in 0.014657 seconds 
  Import took 0.018247 seconds .

========================================================================
Received Import Request.
  Time since last request: 33.413613 seconds.
  path: Assets/Materials/Gray.mat
  artifactKey: Guid(eb46967f305c02c4dbdf9914b932e70a) Importer(815301076,1909f56bfc062723c751e8b465ee728b)
Start importing Assets/Materials/Gray.mat using Guid(eb46967f305c02c4dbdf9914b932e70a) Importer(815301076,1909f56bfc062723c751e8b465ee728b)  -> (artifact id: '22f4928269bb7cb9eba14e59a1663a94') in 0.013976 seconds 
  Import took 0.017854 seconds .

AssetImportWorkerClient::OnTransportError - code=2 error=End of file
